{"total": {"lines":{"total":229,"covered":23,"skipped":0,"pct":10.04},"statements":{"total":237,"covered":27,"skipped":0,"pct":11.39},"functions":{"total":82,"covered":10,"skipped":0,"pct":12.19},"branches":{"total":102,"covered":11,"skipped":0,"pct":10.78},"branchesTrue":{"total":0,"covered":0,"skipped":0,"pct":100}}
,"/home/yw/FireTrain/frontend/src/api/admin.js": {"lines":{"total":19,"covered":6,"skipped":0,"pct":31.57},"functions":{"total":19,"covered":6,"skipped":0,"pct":31.57},"statements":{"total":19,"covered":6,"skipped":0,"pct":31.57},"branches":{"total":0,"covered":0,"skipped":0,"pct":100}}
,"/home/yw/FireTrain/frontend/src/api/request.js": {"lines":{"total":57,"covered":0,"skipped":0,"pct":0},"functions":{"total":5,"covered":0,"skipped":0,"pct":0},"statements":{"total":58,"covered":0,"skipped":0,"pct":0},"branches":{"total":31,"covered":0,"skipped":0,"pct":0}}
,"/home/yw/FireTrain/frontend/src/api/statistics.js": {"lines":{"total":5,"covered":0,"skipped":0,"pct":0},"functions":{"total":5,"covered":0,"skipped":0,"pct":0},"statements":{"total":5,"covered":0,"skipped":0,"pct":0},"branches":{"total":2,"covered":0,"skipped":0,"pct":0}}
,"/home/yw/FireTrain/frontend/src/api/training.js": {"lines":{"total":9,"covered":0,"skipped":0,"pct":0},"functions":{"total":7,"covered":0,"skipped":0,"pct":0},"statements":{"total":9,"covered":0,"skipped":0,"pct":0},"branches":{"total":3,"covered":0,"skipped":0,"pct":0}}
,"/home/yw/FireTrain/frontend/src/api/upload.js": {"lines":{"total":46,"covered":11,"skipped":0,"pct":23.91},"functions":{"total":7,"covered":2,"skipped":0,"pct":28.57},"statements":{"total":47,"covered":12,"skipped":0,"pct":25.53},"branches":{"total":28,"covered":3,"skipped":0,"pct":10.71}}
,"/home/yw/FireTrain/frontend/src/api/user.js": {"lines":{"total":9,"covered":0,"skipped":0,"pct":0},"functions":{"total":6,"covered":0,"skipped":0,"pct":0},"statements":{"total":9,"covered":0,"skipped":0,"pct":0},"branches":{"total":0,"covered":0,"skipped":0,"pct":100}}
,"/home/yw/FireTrain/frontend/src/router/index.js": {"lines":{"total":44,"covered":0,"skipped":0,"pct":0},"functions":{"total":19,"covered":0,"skipped":0,"pct":0},"statements":{"total":44,"covered":0,"skipped":0,"pct":0},"branches":{"total":16,"covered":0,"skipped":0,"pct":0}}
,"/home/yw/FireTrain/frontend/src/store/user.js": {"lines":{"total":34,"covered":0,"skipped":0,"pct":0},"functions":{"total":12,"covered":0,"skipped":0,"pct":0},"statements":{"total":37,"covered":0,"skipped":0,"pct":0},"branches":{"total":14,"covered":0,"skipped":0,"pct":0}}
,"/home/yw/FireTrain/frontend/src/utils/common.js": {"lines":{"total":6,"covered":6,"skipped":0,"pct":100},"functions":{"total":2,"covered":2,"skipped":0,"pct":100},"statements":{"total":9,"covered":9,"skipped":0,"pct":100},"branches":{"total":8,"covered":8,"skipped":0,"pct":100}}
}
