{"total": {"lines":{"total":371,"covered":23,"skipped":0,"pct":6.19},"statements":{"total":387,"covered":27,"skipped":0,"pct":6.97},"functions":{"total":118,"covered":10,"skipped":0,"pct":8.47},"branches":{"total":193,"covered":11,"skipped":0,"pct":5.69},"branchesTrue":{"total":0,"covered":0,"skipped":0,"pct":100}}
,"/home/yw/FireTrain/frontend/src/api/admin.js": {"lines":{"total":21,"covered":6,"skipped":0,"pct":28.57},"functions":{"total":21,"covered":6,"skipped":0,"pct":28.57},"statements":{"total":21,"covered":6,"skipped":0,"pct":28.57},"branches":{"total":0,"covered":0,"skipped":0,"pct":100}}
,"/home/yw/FireTrain/frontend/src/api/request.js": {"lines":{"total":57,"covered":0,"skipped":0,"pct":0},"functions":{"total":5,"covered":0,"skipped":0,"pct":0},"statements":{"total":58,"covered":0,"skipped":0,"pct":0},"branches":{"total":31,"covered":0,"skipped":0,"pct":0}}
,"/home/yw/FireTrain/frontend/src/api/statistics.js": {"lines":{"total":14,"covered":0,"skipped":0,"pct":0},"functions":{"total":5,"covered":0,"skipped":0,"pct":0},"statements":{"total":14,"covered":0,"skipped":0,"pct":0},"branches":{"total":11,"covered":0,"skipped":0,"pct":0}}
,"/home/yw/FireTrain/frontend/src/api/training.js": {"lines":{"total":10,"covered":0,"skipped":0,"pct":0},"functions":{"total":8,"covered":0,"skipped":0,"pct":0},"statements":{"total":10,"covered":0,"skipped":0,"pct":0},"branches":{"total":4,"covered":0,"skipped":0,"pct":0}}
,"/home/yw/FireTrain/frontend/src/api/upload.js": {"lines":{"total":46,"covered":11,"skipped":0,"pct":23.91},"functions":{"total":7,"covered":2,"skipped":0,"pct":28.57},"statements":{"total":47,"covered":12,"skipped":0,"pct":25.53},"branches":{"total":28,"covered":3,"skipped":0,"pct":10.71}}
,"/home/yw/FireTrain/frontend/src/api/user.js": {"lines":{"total":9,"covered":0,"skipped":0,"pct":0},"functions":{"total":6,"covered":0,"skipped":0,"pct":0},"statements":{"total":9,"covered":0,"skipped":0,"pct":0},"branches":{"total":0,"covered":0,"skipped":0,"pct":100}}
,"/home/yw/FireTrain/frontend/src/composables/useTrainingTypes.js": {"lines":{"total":30,"covered":0,"skipped":0,"pct":0},"functions":{"total":12,"covered":0,"skipped":0,"pct":0},"statements":{"total":35,"covered":0,"skipped":0,"pct":0},"branches":{"total":21,"covered":0,"skipped":0,"pct":0}}
,"/home/yw/FireTrain/frontend/src/constants/demoAccounts.js": {"lines":{"total":1,"covered":0,"skipped":0,"pct":0},"functions":{"total":0,"covered":0,"skipped":0,"pct":100},"statements":{"total":1,"covered":0,"skipped":0,"pct":0},"branches":{"total":0,"covered":0,"skipped":0,"pct":100}}
,"/home/yw/FireTrain/frontend/src/router/index.js": {"lines":{"total":45,"covered":0,"skipped":0,"pct":0},"functions":{"total":20,"covered":0,"skipped":0,"pct":0},"statements":{"total":45,"covered":0,"skipped":0,"pct":0},"branches":{"total":16,"covered":0,"skipped":0,"pct":0}}
,"/home/yw/FireTrain/frontend/src/store/user.js": {"lines":{"total":34,"covered":0,"skipped":0,"pct":0},"functions":{"total":12,"covered":0,"skipped":0,"pct":0},"statements":{"total":37,"covered":0,"skipped":0,"pct":0},"branches":{"total":14,"covered":0,"skipped":0,"pct":0}}
,"/home/yw/FireTrain/frontend/src/utils/common.js": {"lines":{"total":6,"covered":6,"skipped":0,"pct":100},"functions":{"total":2,"covered":2,"skipped":0,"pct":100},"statements":{"total":9,"covered":9,"skipped":0,"pct":100},"branches":{"total":8,"covered":8,"skipped":0,"pct":100}}
,"/home/yw/FireTrain/frontend/src/utils/reportExport.js": {"lines":{"total":68,"covered":0,"skipped":0,"pct":0},"functions":{"total":4,"covered":0,"skipped":0,"pct":0},"statements":{"total":69,"covered":0,"skipped":0,"pct":0},"branches":{"total":22,"covered":0,"skipped":0,"pct":0}}
,"/home/yw/FireTrain/frontend/src/utils/trainingReport.js": {"lines":{"total":23,"covered":0,"skipped":0,"pct":0},"functions":{"total":13,"covered":0,"skipped":0,"pct":0},"statements":{"total":25,"covered":0,"skipped":0,"pct":0},"branches":{"total":33,"covered":0,"skipped":0,"pct":0}}
,"/home/yw/FireTrain/frontend/src/utils/trainingType.js": {"lines":{"total":7,"covered":0,"skipped":0,"pct":0},"functions":{"total":3,"covered":0,"skipped":0,"pct":0},"statements":{"total":7,"covered":0,"skipped":0,"pct":0},"branches":{"total":5,"covered":0,"skipped":0,"pct":0}}
}
